<?xml version="1.0" encoding="UTF-8"?>
<testng-results ignored="0" total="7" passed="7" failed="0" skipped="0">
  <reporter-output>
  </reporter-output>
  <suite started-at="2026-04-24T16:47:41 CAT" name="Command line suite" finished-at="2026-04-24T16:47:50 CAT" duration-ms="8612">
    <groups>
    </groups>
    <test started-at="2026-04-24T16:47:41 CAT" name="Command line test" finished-at="2026-04-24T16:47:50 CAT" duration-ms="8612">
      <class name="engine.TestEngine">
        <test-method is-config="true" signature="setUp()[pri:0, instance:engine.TestEngine@3085bcdc]" started-at="2026-04-24T16:47:41 CAT" name="setUp" finished-at="2026-04-24T16:47:42 CAT" duration-ms="482" status="PASS">
          <reporter-output>
          </reporter-output>
        </test-method> <!-- setUp -->
        <test-method signature="testing__(requestFiles.TestRequest)[pri:0, instance:engine.TestEngine@3085bcdc]" started-at="2026-04-24T16:47:42 CAT" name="testing__" data-provider="test_list" finished-at="2026-04-24T16:47:44 CAT" duration-ms="2690" status="PASS">
          <params>
            <param index="0">
              <value>
                <![CDATA[Get all products returns 200]]>
              </value>
            </param>
          </params>
          <reporter-output>
          </reporter-output>
        </test-method> <!-- testing__ -->
        <test-method signature="testing__(requestFiles.TestRequest)[pri:0, instance:engine.TestEngine@3085bcdc]" started-at="2026-04-24T16:47:44 CAT" name="testing__" data-provider="test_list" finished-at="2026-04-24T16:47:45 CAT" duration-ms="362" status="PASS">
          <params>
            <param index="0">
              <value>
                <![CDATA[Get single product contains title]]>
              </value>
            </param>
          </params>
          <reporter-output>
          </reporter-output>
        </test-method> <!-- testing__ -->
        <test-method signature="testing__(requestFiles.TestRequest)[pri:0, instance:engine.TestEngine@3085bcdc]" started-at="2026-04-24T16:47:45 CAT" name="testing__" data-provider="test_list" finished-at="2026-04-24T16:47:46 CAT" duration-ms="1271" status="PASS">
          <params>
            <param index="0">
              <value>
                <![CDATA[Search product returns results]]>
              </value>
            </param>
          </params>
          <reporter-output>
          </reporter-output>
        </test-method> <!-- testing__ -->
        <test-method signature="testing__(requestFiles.TestRequest)[pri:0, instance:engine.TestEngine@3085bcdc]" started-at="2026-04-24T16:47:46 CAT" name="testing__" data-provider="test_list" finished-at="2026-04-24T16:47:47 CAT" duration-ms="1400" status="PASS">
          <params>
            <param index="0">
              <value>
                <![CDATA[Create product successfully]]>
              </value>
            </param>
          </params>
          <reporter-output>
          </reporter-output>
        </test-method> <!-- testing__ -->
        <test-method signature="testing__(requestFiles.TestRequest)[pri:0, instance:engine.TestEngine@3085bcdc]" started-at="2026-04-24T16:47:47 CAT" name="testing__" data-provider="test_list" finished-at="2026-04-24T16:47:48 CAT" duration-ms="596" status="PASS">
          <params>
            <param index="0">
              <value>
                <![CDATA[Login user returns token]]>
              </value>
            </param>
          </params>
          <reporter-output>
          </reporter-output>
        </test-method> <!-- testing__ -->
        <test-method signature="testing__(requestFiles.TestRequest)[pri:0, instance:engine.TestEngine@3085bcdc]" started-at="2026-04-24T16:47:48 CAT" name="testing__" data-provider="test_list" finished-at="2026-04-24T16:47:49 CAT" duration-ms="1225" status="PASS">
          <params>
            <param index="0">
              <value>
                <![CDATA[Update product title]]>
              </value>
            </param>
          </params>
          <reporter-output>
          </reporter-output>
        </test-method> <!-- testing__ -->
        <test-method signature="testing__(requestFiles.TestRequest)[pri:0, instance:engine.TestEngine@3085bcdc]" started-at="2026-04-24T16:47:49 CAT" name="testing__" data-provider="test_list" finished-at="2026-04-24T16:47:50 CAT" duration-ms="550" status="PASS">
          <params>
            <param index="0">
              <value>
                <![CDATA[Delete product works]]>
              </value>
            </param>
          </params>
          <reporter-output>
          </reporter-output>
        </test-method> <!-- testing__ -->
      </class> <!-- engine.TestEngine -->
    </test> <!-- Command line test -->
  </suite> <!-- Command line suite -->
</testng-results>
