<?xml version="1.0" encoding="UTF-8"?>
<!-- Generated by org.testng.reporters.JUnitXMLReporter -->
<testsuite ignored="0" hostname="TestSolutionsR" failures="1" tests="7" name="Command line test" time="5.574" errors="0" timestamp="2026-04-23T12:17:32 CAT">
  <testcase classname="engine.TestEngine" name="testing__" time="0.283">
    <failure type="java.lang.AssertionError" message="Check failure: Expected: &amp;lt;220&amp;gt;     but: was &amp;lt;200&amp;gt;">
      <![CDATA[java.lang.AssertionError: Check failure: Expected: <220>     but: was <200>
at engine.TestEngine.failChecker(TestEngine.java:82)
at engine.TestEngine.taskRunner(TestEngine.java:72)
at engine.TestEngine.testing__(TestEngine.java:50)
at java.base/java.util.concurrent.Executors$RunnableAdapter.call(Executors.java:545)
at java.base/java.util.concurrent.FutureTask.run(FutureTask.java:328)
at java.base/java.util.concurrent.ThreadPoolExecutor.runWorker(ThreadPoolExecutor.java:1090)
at java.base/java.util.concurrent.ThreadPoolExecutor$Worker.run(ThreadPoolExecutor.java:614)
at java.base/java.lang.Thread.run(Thread.java:1474)
... Removed 12 stack frames]]>
    </failure>
  </testcase> <!-- testing__ -->
  <testcase classname="engine.TestEngine" name="testing__" time="0.697"/>
  <testcase classname="engine.TestEngine" name="testing__" time="0.929"/>
  <testcase classname="engine.TestEngine" name="testing__" time="0.551"/>
  <testcase classname="engine.TestEngine" name="testing__" time="0.671"/>
  <testcase classname="engine.TestEngine" name="testing__" time="0.628"/>
  <testcase classname="engine.TestEngine" name="testing__" time="1.804"/>
</testsuite> <!-- Command line test -->
