<?xml version="1.0" encoding="UTF-8"?>
<!-- Generated by org.testng.reporters.JUnitXMLReporter -->
<testsuite ignored="0" hostname="TestSolutionsR" failures="1" tests="7" name="Command line test" time="11.473" errors="0" timestamp="2026-04-24T15:23:36 CAT">
  <testcase classname="engine.TestEngine" name="testing__" time="4.243"/>
  <testcase classname="engine.TestEngine" name="testing__" time="0.379">
    <failure type="java.lang.AssertionError" message="Check failure: Expected: a string containing &amp;quot;ttle&amp;quot;     but: was &amp;quot;{&amp;quot;id&amp;quot;:1,&amp;quot;title&amp;quot;:&amp;quot;Essence Mascara Lash Princess&amp;quot;,&amp;quot;description&amp;quot;:&amp;quot;The Essence Mascara Lash Princess is a popular mascara known for its volumizing and lengthening effects. Achieve dramatic lashes with this long-lasting and cruelty-free formula.&amp;quot;,&amp;quot;category&amp;quot;:&amp;quot;beauty&amp;quot;,&amp;quot;price&amp;quot;:9.99,&amp;quot;discountPercentage&amp;quot;:10.48,&amp;quot;rating&amp;quot;:2.56,&amp;quot;stock&amp;quot;:99,&amp;quot;tags&amp;quot;:[&amp;quot;beauty&amp;quot;,&amp;quot;mascara&amp;quot;],&amp;quot;brand&amp;quot;:&amp;quot;Essence&amp;quot;,&amp;quot;sku&amp;quot;:&amp;quot;BEA-ESS-ESS-001&amp;quot;,&amp;quot;weight&amp;quot;:4,&amp;quot;dimensions&amp;quot;:{&amp;quot;width&amp;quot;:15.14,&amp;quot;height&amp;quot;:13.08,&amp;quot;depth&amp;quot;:22.99},&amp;quot;warrantyInformation&amp;quot;:&amp;quot;1 week warranty&amp;quot;,&amp;quot;shippingInformation&amp;quot;:&amp;quot;Ships in 3-5 business days&amp;quot;,&amp;quot;availabilityStatus&amp;quot;:&amp;quot;In Stock&amp;quot;,&amp;quot;reviews&amp;quot;:[{&amp;quot;rating&amp;quot;:3,&amp;quot;comment&amp;quot;:&amp;quot;Would not recommend!&amp;quot;,&amp;quot;date&amp;quot;:&amp;quot;2025-04-30T09:41:02.053Z&amp;quot;,&amp;quot;reviewerName&amp;quot;:&amp;quot;Eleanor Collins&amp;quot;,&amp;quot;reviewerEmail&amp;quot;:&amp;quot;eleanor.collins@x.dummyjson.com&amp;quot;},{&amp;quot;rating&amp;quot;:4,&amp;quot;comment&amp;quot;:&amp;quot;Very satisfied!&amp;quot;,&amp;quot;date&amp;quot;:&amp;quot;2025-04-30T09:41:02.053Z&amp;quot;,&amp;quot;reviewerName&amp;quot;:&amp;quot;Lucas Gordon&amp;quot;,&amp;quot;reviewerEmail&amp;quot;:&amp;quot;lucas.gordon@x.dummyjson.com&amp;quot;},{&amp;quot;rating&amp;quot;:5,&amp;quot;comment&amp;quot;:&amp;quot;Highly impressed!&amp;quot;,&amp;quot;date&amp;quot;:&amp;quot;2025-04-30T09:41:02.053Z&amp;quot;,&amp;quot;reviewerName&amp;quot;:&amp;quot;Eleanor Collins&amp;quot;,&amp;quot;reviewerEmail&amp;quot;:&amp;quot;eleanor.collins@x.dummyjson.com&amp;quot;}],&amp;quot;returnPolicy&amp;quot;:&amp;quot;No return policy&amp;quot;,&amp;quot;minimumOrderQuantity&amp;quot;:48,&amp;quot;meta&amp;quot;:{&amp;quot;createdAt&amp;quot;:&amp;quot;2025-04-30T09:41:02.053Z&amp;quot;,&amp;quot;updatedAt&amp;quot;:&amp;quot;2025-04-30T09:41:02.053Z&amp;quot;,&amp;quot;barcode&amp;quot;:&amp;quot;5784719087687&amp;quot;,&amp;quot;qrCode&amp;quot;:&amp;quot;https://cdn.dummyjson.com/public/qr-code.png&amp;quot;},&amp;quot;images&amp;quot;:[&amp;quot;https://cdn.dummyjson.com/product-images/beauty/essence-mascara-lash-princess/1.webp&amp;quot;],&amp;quot;thumbnail&amp;quot;:&amp;quot;https://cdn.dummyjson.com/product-images/beauty/essence-mascara-lash-princess/thumbnail.webp&amp;quot;}&amp;quot;">
      <![CDATA[java.lang.AssertionError: Check failure: Expected: a string containing "ttle"     but: was "{"id":1,"title":"Essence Mascara Lash Princess","description":"The Essence Mascara Lash Princess is a popular mascara known for its volumizing and lengthening effects. Achieve dramatic lashes with this long-lasting and cruelty-free formula.","category":"beauty","price":9.99,"discountPercentage":10.48,"rating":2.56,"stock":99,"tags":["beauty","mascara"],"brand":"Essence","sku":"BEA-ESS-ESS-001","weight":4,"dimensions":{"width":15.14,"height":13.08,"depth":22.99},"warrantyInformation":"1 week warranty","shippingInformation":"Ships in 3-5 business days","availabilityStatus":"In Stock","reviews":[{"rating":3,"comment":"Would not recommend!","date":"2025-04-30T09:41:02.053Z","reviewerName":"Eleanor Collins","reviewerEmail":"eleanor.collins@x.dummyjson.com"},{"rating":4,"comment":"Very satisfied!","date":"2025-04-30T09:41:02.053Z","reviewerName":"Lucas Gordon","reviewerEmail":"lucas.gordon@x.dummyjson.com"},{"rating":5,"comment":"Highly impressed!","date":"2025-04-30T09:41:02.053Z","reviewerName":"Eleanor Collins","reviewerEmail":"eleanor.collins@x.dummyjson.com"}],"returnPolicy":"No return policy","minimumOrderQuantity":48,"meta":{"createdAt":"2025-04-30T09:41:02.053Z","updatedAt":"2025-04-30T09:41:02.053Z","barcode":"5784719087687","qrCode":"https://cdn.dummyjson.com/public/qr-code.png"},"images":["https://cdn.dummyjson.com/product-images/beauty/essence-mascara-lash-princess/1.webp"],"thumbnail":"https://cdn.dummyjson.com/product-images/beauty/essence-mascara-lash-princess/thumbnail.webp"}"
at engine.TestEngine.failChecker(TestEngine.java:82)
at engine.TestEngine.taskRunner(TestEngine.java:72)
at engine.TestEngine.testing__(TestEngine.java:50)
at java.base/java.util.ArrayList.forEach(ArrayList.java:1604)
at com.apest.springboot.controllers.TestController.runTests(TestController.java:24)
at org.springframework.web.method.support.InvocableHandlerMethod.doInvoke(InvocableHandlerMethod.java:252)
at org.springframework.web.method.support.InvocableHandlerMethod.invokeForRequest(InvocableHandlerMethod.java:184)
at org.springframework.web.servlet.mvc.method.annotation.ServletInvocableHandlerMethod.invokeAndHandle(ServletInvocableHandlerMethod.java:117)
at org.springframework.web.servlet.mvc.method.annotation.RequestMappingHandlerAdapter.invokeHandlerMethod(RequestMappingHandlerAdapter.java:934)
at org.springframework.web.servlet.mvc.method.annotation.RequestMappingHandlerAdapter.handleInternal(RequestMappingHandlerAdapter.java:853)
at org.springframework.web.servlet.mvc.method.AbstractHandlerMethodAdapter.handle(AbstractHandlerMethodAdapter.java:86)
at org.springframework.web.servlet.DispatcherServlet.doDispatch(DispatcherServlet.java:963)
at org.springframework.web.servlet.DispatcherServlet.doService(DispatcherServlet.java:866)
at org.springframework.web.servlet.FrameworkServlet.processRequest(FrameworkServlet.java:1000)
at org.springframework.web.servlet.FrameworkServlet.doPost(FrameworkServlet.java:903)
at jakarta.servlet.http.HttpServlet.service(HttpServlet.java:649)
at org.springframework.web.servlet.FrameworkServlet.service(FrameworkServlet.java:874)
at jakarta.servlet.http.HttpServlet.service(HttpServlet.java:710)
at org.apache.catalina.core.ApplicationFilterChain.doFilter(ApplicationFilterChain.java:128)
at org.apache.tomcat.websocket.server.WsFilter.doFilter(WsFilter.java:53)
at org.apache.catalina.core.ApplicationFilterChain.doFilter(ApplicationFilterChain.java:107)
at org.springframework.web.filter.RequestContextFilter.doFilterInternal(RequestContextFilter.java:100)
at org.springframework.web.filter.OncePerRequestFilter.doFilter(OncePerRequestFilter.java:116)
at org.apache.catalina.core.ApplicationFilterChain.doFilter(ApplicationFilterChain.java:107)
at org.springframework.web.filter.FormContentFilter.doFilterInternal(FormContentFilter.java:93)
at org.springframework.web.filter.OncePerRequestFilter.doFilter(OncePerRequestFilter.java:116)
at org.apache.catalina.core.ApplicationFilterChain.doFilter(ApplicationFilterChain.java:107)
at org.springframework.web.filter.CharacterEncodingFilter.doFilterInternal(CharacterEncodingFilter.java:199)
at org.springframework.web.filter.OncePerRequestFilter.doFilter(OncePerRequestFilter.java:116)
at org.apache.catalina.core.ApplicationFilterChain.doFilter(ApplicationFilterChain.java:107)
at org.apache.catalina.core.StandardWrapperValve.invoke(StandardWrapperValve.java:165)
at org.apache.catalina.core.StandardContextValve.invoke(StandardContextValve.java:77)
at org.apache.catalina.authenticator.AuthenticatorBase.invoke(AuthenticatorBase.java:492)
at org.apache.catalina.core.StandardHostValve.invoke(StandardHostValve.java:113)
at org.apache.catalina.valves.ErrorReportValve.invoke(ErrorReportValve.java:83)
at org.apache.catalina.core.StandardEngineValve.invoke(StandardEngineValve.java:72)
at org.apache.catalina.connector.CoyoteAdapter.service(CoyoteAdapter.java:341)
at org.apache.coyote.http11.Http11Processor.service(Http11Processor.java:397)
at org.apache.coyote.AbstractProcessorLight.process(AbstractProcessorLight.java:63)
at org.apache.coyote.AbstractProtocol$ConnectionHandler.process(AbstractProtocol.java:903)
at org.apache.tomcat.util.net.NioEndpoint$SocketProcessor.doRun(NioEndpoint.java:1779)
at org.apache.tomcat.util.net.SocketProcessorBase.run(SocketProcessorBase.java:52)
at org.apache.tomcat.util.threads.ThreadPoolExecutor.runWorker(ThreadPoolExecutor.java:946)
at org.apache.tomcat.util.threads.ThreadPoolExecutor$Worker.run(ThreadPoolExecutor.java:480)
at org.apache.tomcat.util.threads.TaskThread$WrappingRunnable.run(TaskThread.java:57)
at java.base/java.lang.Thread.run(Thread.java:1474)
... Removed 25 stack frames]]>
    </failure>
  </testcase> <!-- testing__ -->
  <testcase classname="engine.TestEngine" name="testing__" time="1.386"/>
  <testcase classname="engine.TestEngine" name="testing__" time="2.62"/>
  <testcase classname="engine.TestEngine" name="testing__" time="0.613"/>
  <testcase classname="engine.TestEngine" name="testing__" time="0.586"/>
  <testcase classname="engine.TestEngine" name="testing__" time="0.602"/>
</testsuite> <!-- Command line test -->
