<?xml version="1.0" encoding="UTF-8"?>
<!-- Generated by org.testng.reporters.JUnitXMLReporter -->
<testsuite ignored="0" hostname="TestSolutionsR" failures="0" tests="7" name="Command line test" time="8.612" errors="0" timestamp="2026-04-24T16:47:50 CAT">
  <testcase classname="engine.TestEngine" name="testing__" time="2.69"/>
  <testcase classname="engine.TestEngine" name="testing__" time="0.362"/>
  <testcase classname="engine.TestEngine" name="testing__" time="1.271"/>
  <testcase classname="engine.TestEngine" name="testing__" time="1.4"/>
  <testcase classname="engine.TestEngine" name="testing__" time="0.596"/>
  <testcase classname="engine.TestEngine" name="testing__" time="1.225"/>
  <testcase classname="engine.TestEngine" name="testing__" time="0.55"/>
</testsuite> <!-- Command line test -->
