<?xml version="1.0" encoding="UTF-8"?>
<testng-results ignored="0" total="7" passed="6" failed="1" skipped="0">
  <reporter-output>
  </reporter-output>
  <suite started-at="2026-04-23T12:17:26 CAT" name="Command line suite" finished-at="2026-04-23T12:17:32 CAT" duration-ms="5574">
    <groups>
    </groups>
    <test started-at="2026-04-23T12:17:26 CAT" name="Command line test" finished-at="2026-04-23T12:17:32 CAT" duration-ms="5574">
      <class name="engine.TestEngine">
        <test-method is-config="true" signature="setUp()[pri:0, instance:engine.TestEngine@173b2cc7]" started-at="2026-04-23T12:17:26 CAT" name="setUp" finished-at="2026-04-23T12:17:26 CAT" duration-ms="1" status="PASS">
          <reporter-output>
          </reporter-output>
        </test-method> <!-- setUp -->
        <test-method signature="testing__(requestFiles.TestRequest)[pri:0, instance:engine.TestEngine@173b2cc7]" started-at="2026-04-23T12:17:26 CAT" name="testing__" data-provider="test_list" finished-at="2026-04-23T12:17:27 CAT" duration-ms="283" status="FAIL">
          <params>
            <param index="0">
              <value>
                <![CDATA[Get all products returns 200]]>
              </value>
            </param>
          </params>
          <exception class="java.lang.AssertionError">
            <message>
              <![CDATA[Check failure: Expected: <220>     but: was <200>]]>
            </message>
            <full-stacktrace>
              <![CDATA[java.lang.AssertionError: Check failure: Expected: <220>     but: was <200>
at org.testng.Assert.fail(Assert.java:111)
at engine.TestEngine.failChecker(TestEngine.java:82)
at engine.TestEngine.taskRunner(TestEngine.java:72)
at engine.TestEngine.testing__(TestEngine.java:50)
at java.base/jdk.internal.reflect.DirectMethodHandleAccessor.invoke(DirectMethodHandleAccessor.java:104)
at java.base/java.lang.reflect.Method.invoke(Method.java:565)
at org.testng.internal.invokers.MethodInvocationHelper.invokeMethod(MethodInvocationHelper.java:141)
at org.testng.internal.invokers.TestInvoker.invokeMethod(TestInvoker.java:697)
at org.testng.internal.invokers.TestInvoker.invokeTestMethod(TestInvoker.java:230)
at org.testng.internal.invokers.MethodRunner.runInSequence(MethodRunner.java:63)
at org.testng.internal.invokers.TestInvoker$MethodInvocationAgent.invoke(TestInvoker.java:1005)
at org.testng.internal.invokers.TestInvoker.invokeTestMethods(TestInvoker.java:203)
at org.testng.internal.invokers.TestMethodWorker.invokeTestMethods(TestMethodWorker.java:154)
at org.testng.internal.invokers.TestMethodWorker.run(TestMethodWorker.java:134)
at java.base/java.util.concurrent.Executors$RunnableAdapter.call(Executors.java:545)
at java.base/java.util.concurrent.FutureTask.run(FutureTask.java:328)
at org.testng.internal.thread.graph.TestNGFutureTask.run(TestNGFutureTask.java:22)
at java.base/java.util.concurrent.ThreadPoolExecutor.runWorker(ThreadPoolExecutor.java:1090)
at java.base/java.util.concurrent.ThreadPoolExecutor$Worker.run(ThreadPoolExecutor.java:614)
at java.base/java.lang.Thread.run(Thread.java:1474)
]]>
            </full-stacktrace>
          </exception> <!-- java.lang.AssertionError -->
          <reporter-output>
          </reporter-output>
        </test-method> <!-- testing__ -->
        <test-method signature="testing__(requestFiles.TestRequest)[pri:0, instance:engine.TestEngine@173b2cc7]" started-at="2026-04-23T12:17:27 CAT" name="testing__" data-provider="test_list" finished-at="2026-04-23T12:17:27 CAT" duration-ms="697" status="PASS">
          <params>
            <param index="0">
              <value>
                <![CDATA[Get single product contains title]]>
              </value>
            </param>
          </params>
          <reporter-output>
          </reporter-output>
        </test-method> <!-- testing__ -->
        <test-method signature="testing__(requestFiles.TestRequest)[pri:0, instance:engine.TestEngine@173b2cc7]" started-at="2026-04-23T12:17:27 CAT" name="testing__" data-provider="test_list" finished-at="2026-04-23T12:17:28 CAT" duration-ms="929" status="PASS">
          <params>
            <param index="0">
              <value>
                <![CDATA[Search product returns results]]>
              </value>
            </param>
          </params>
          <reporter-output>
          </reporter-output>
        </test-method> <!-- testing__ -->
        <test-method signature="testing__(requestFiles.TestRequest)[pri:0, instance:engine.TestEngine@173b2cc7]" started-at="2026-04-23T12:17:28 CAT" name="testing__" data-provider="test_list" finished-at="2026-04-23T12:17:29 CAT" duration-ms="551" status="PASS">
          <params>
            <param index="0">
              <value>
                <![CDATA[Create product successfully]]>
              </value>
            </param>
          </params>
          <reporter-output>
          </reporter-output>
        </test-method> <!-- testing__ -->
        <test-method signature="testing__(requestFiles.TestRequest)[pri:0, instance:engine.TestEngine@173b2cc7]" started-at="2026-04-23T12:17:29 CAT" name="testing__" data-provider="test_list" finished-at="2026-04-23T12:17:29 CAT" duration-ms="671" status="PASS">
          <params>
            <param index="0">
              <value>
                <![CDATA[Login user returns token]]>
              </value>
            </param>
          </params>
          <reporter-output>
          </reporter-output>
        </test-method> <!-- testing__ -->
        <test-method signature="testing__(requestFiles.TestRequest)[pri:0, instance:engine.TestEngine@173b2cc7]" started-at="2026-04-23T12:17:29 CAT" name="testing__" data-provider="test_list" finished-at="2026-04-23T12:17:30 CAT" duration-ms="628" status="PASS">
          <params>
            <param index="0">
              <value>
                <![CDATA[Update product title]]>
              </value>
            </param>
          </params>
          <reporter-output>
          </reporter-output>
        </test-method> <!-- testing__ -->
        <test-method signature="testing__(requestFiles.TestRequest)[pri:0, instance:engine.TestEngine@173b2cc7]" started-at="2026-04-23T12:17:30 CAT" name="testing__" data-provider="test_list" finished-at="2026-04-23T12:17:32 CAT" duration-ms="1804" status="PASS">
          <params>
            <param index="0">
              <value>
                <![CDATA[Delete product works]]>
              </value>
            </param>
          </params>
          <reporter-output>
          </reporter-output>
        </test-method> <!-- testing__ -->
      </class> <!-- engine.TestEngine -->
    </test> <!-- Command line test -->
  </suite> <!-- Command line suite -->
</testng-results>
