<?xml version="1.0" encoding="UTF-8"?>
<!-- Generated by org.testng.reporters.JUnitReportReporter -->
<testsuite hostname="TestSolutionsR" failures="0" tests="7" name="engine.TestEngine" time="7.401" errors="0" timestamp="2026-04-24T15:44:57 CAT" skipped="0">
  <testcase classname="engine.TestEngine" name="testing__" time="0.538"/>
  <testcase classname="engine.TestEngine" name="testing__" time="2.408"/>
  <testcase classname="engine.TestEngine" name="testing__" time="1.176"/>
  <testcase classname="engine.TestEngine" name="testing__" time="0.273"/>
  <testcase classname="engine.TestEngine" name="testing__" time="1.227"/>
  <testcase classname="engine.TestEngine" name="testing__" time="0.542"/>
  <testcase classname="engine.TestEngine" name="testing__" time="1.237"/>
</testsuite> <!-- engine.TestEngine -->
