<?xml version="1.0" encoding="UTF-8"?>
<!-- Generated by org.testng.reporters.JUnitReportReporter -->
<testsuite hostname="TestSolutionsR" failures="1" tests="7" name="engine.TestEngine" time="5.563" errors="0" timestamp="2026-04-23T12:17:32 CAT" skipped="0">
  <testcase classname="engine.TestEngine" name="testing__" time="0.697"/>
  <testcase classname="engine.TestEngine" name="testing__" time="0.929"/>
  <testcase classname="engine.TestEngine" name="testing__" time="0.283">
    <failure message="Check failure: Expected: &lt;220&gt;     but: was &lt;200&gt;" type="java.lang.AssertionError">
      <![CDATA[java.lang.AssertionError: Check failure: Expected: <220>     but: was <200>
at org.testng.Assert.fail(Assert.java:111)
at engine.TestEngine.failChecker(TestEngine.java:82)
at engine.TestEngine.taskRunner(TestEngine.java:72)
at engine.TestEngine.testing__(TestEngine.java:50)
at java.base/jdk.internal.reflect.DirectMethodHandleAccessor.invoke(DirectMethodHandleAccessor.java:104)
at java.base/java.lang.reflect.Method.invoke(Method.java:565)
at org.testng.internal.invokers.MethodInvocationHelper.invokeMethod(MethodInvocationHelper.java:141)
at org.testng.internal.invokers.TestInvoker.invokeMethod(TestInvoker.java:697)
at org.testng.internal.invokers.TestInvoker.invokeTestMethod(TestInvoker.java:230)
at org.testng.internal.invokers.MethodRunner.runInSequence(MethodRunner.java:63)
at org.testng.internal.invokers.TestInvoker$MethodInvocationAgent.invoke(TestInvoker.java:1005)
at org.testng.internal.invokers.TestInvoker.invokeTestMethods(TestInvoker.java:203)
at org.testng.internal.invokers.TestMethodWorker.invokeTestMethods(TestMethodWorker.java:154)
at org.testng.internal.invokers.TestMethodWorker.run(TestMethodWorker.java:134)
at java.base/java.util.concurrent.Executors$RunnableAdapter.call(Executors.java:545)
at java.base/java.util.concurrent.FutureTask.run(FutureTask.java:328)
at org.testng.internal.thread.graph.TestNGFutureTask.run(TestNGFutureTask.java:22)
at java.base/java.util.concurrent.ThreadPoolExecutor.runWorker(ThreadPoolExecutor.java:1090)
at java.base/java.util.concurrent.ThreadPoolExecutor$Worker.run(ThreadPoolExecutor.java:614)
at java.base/java.lang.Thread.run(Thread.java:1474)
]]>
    </failure>
  </testcase> <!-- testing__ -->
  <testcase classname="engine.TestEngine" name="testing__" time="0.551"/>
  <testcase classname="engine.TestEngine" name="testing__" time="0.671"/>
  <testcase classname="engine.TestEngine" name="testing__" time="1.804"/>
  <testcase classname="engine.TestEngine" name="testing__" time="0.628"/>
</testsuite> <!-- engine.TestEngine -->
