<?xml version="1.0" encoding="UTF-8"?>
<!-- Generated by org.testng.reporters.JUnitReportReporter -->
<testsuite hostname="TestSolutionsR" failures="0" tests="7" name="engine.TestEngine" time="8.094" errors="0" timestamp="2026-04-24T16:47:50 CAT" skipped="0">
  <testcase classname="engine.TestEngine" name="testing__" time="0.550"/>
  <testcase classname="engine.TestEngine" name="testing__" time="1.400"/>
  <testcase classname="engine.TestEngine" name="testing__" time="1.271"/>
  <testcase classname="engine.TestEngine" name="testing__" time="2.690"/>
  <testcase classname="engine.TestEngine" name="testing__" time="0.362"/>
  <testcase classname="engine.TestEngine" name="testing__" time="0.596"/>
  <testcase classname="engine.TestEngine" name="testing__" time="1.225"/>
</testsuite> <!-- engine.TestEngine -->
